2025-10-04 02:40:02.533 T:97862    info <general>: -----------------------------------------------------------------------
2025-10-04 02:40:02.533 T:97862    info <general>: Starting Kodi (21.2 (21.2.0) Git:20250924-nogitfound). Platform: Linux x86 64-bit
2025-10-04 02:40:02.533 T:97862    info <general>: Using Release Kodi x64
2025-10-04 02:40:02.533 T:97862    info <general>: Kodi compiled 2025-09-24 by GCC 15.2.1 for Linux x86 64-bit version 6.16.0 (397312)
2025-10-04 02:40:02.533 T:97862    info <general>: Running on Arch Linux 0.0, kernel: Linux x86 64-bit version 6.12.50-1-lts
2025-10-04 02:40:02.533 T:97862    info <general>: FFmpeg version/source: 6.0.1-Kodi
2025-10-04 02:40:02.533 T:97862    info <general>: Host CPU: Intel(R) Xeon(R) CPU E5-2680 v4 @ 2.40GHz, 28 cores available
2025-10-04 02:40:02.533 T:97862    info <general>: special://xbmc/ is mapped to: /usr/share/kodi
2025-10-04 02:40:02.533 T:97862    info <general>: special://xbmcbin/ is mapped to: /usr/lib/kodi
2025-10-04 02:40:02.533 T:97862    info <general>: special://xbmcbinaddons/ is mapped to: /usr/lib/kodi/addons
2025-10-04 02:40:02.533 T:97862    info <general>: special://masterprofile/ is mapped to: /home/marcondes/.kodi/userdata
2025-10-04 02:40:02.533 T:97862    info <general>: special://envhome/ is mapped to: /home/marcondes
2025-10-04 02:40:02.533 T:97862    info <general>: special://home/ is mapped to: /home/marcondes/.kodi
2025-10-04 02:40:02.533 T:97862    info <general>: special://temp/ is mapped to: /home/marcondes/.kodi/temp
2025-10-04 02:40:02.533 T:97862    info <general>: special://logpath/ is mapped to: /home/marcondes/.kodi/temp
2025-10-04 02:40:02.533 T:97862    info <general>: Webserver extra whitelist paths: 
2025-10-04 02:40:02.533 T:97862    info <general>: The executable running is: /usr/lib/kodi/kodi.bin
2025-10-04 02:40:02.533 T:97862    info <general>: Local hostname: voidmachine
2025-10-04 02:40:02.533 T:97862    info <general>: Log File is located: /home/marcondes/.kodi/temp/kodi.log
2025-10-04 02:40:02.533 T:97862    info <general>: -----------------------------------------------------------------------
2025-10-04 02:40:02.533 T:97862    info <general>: loading settings
2025-10-04 02:40:02.534 T:97862    info <general>: special://profile/ is mapped to: special://masterprofile/
2025-10-04 02:40:02.541 T:97862    info <general>: No settings file to load (special://xbmc/system/advancedsettings.xml)
2025-10-04 02:40:02.541 T:97862    info <general>: Loaded settings file from special://profile/advancedsettings.xml
2025-10-04 02:40:02.541 T:97862    info <general>: Contents of special://profile/advancedsettings.xml are...
                                                   <advancedsettings>
                                                     <loglevel>-1</loglevel>
                                                   </advancedsettings>
                                                   
2025-10-04 02:40:02.541 T:97862    info <general>: Log level changed to "info"
2025-10-04 02:40:02.541 T:97862 warning <CSettingsManager>: missing version attribute
2025-10-04 02:40:02.541 T:97862    info <general>: Default Video Player: VideoPlayer
2025-10-04 02:40:02.541 T:97862    info <general>: Default Audio Player: paplayer
2025-10-04 02:40:02.541 T:97862    info <general>: Disabled debug logging due to GUI setting. Level -1.
